#
# There is insufficient memory for the Java Runtime Environment to continue.
# Native memory allocation (mmap) failed to map 268435456 bytes for Failed to commit area from 0x0000000701a00000 to 0x0000000711a00000 of length 268435456.
# Possible reasons:
#   The system is out of physical RAM or swap space
#   The process is running with CompressedOops enabled, and the Java Heap may be blocking the growth of the native heap
# Possible solutions:
#   Reduce memory load on the system
#   Increase physical memory or swap space
#   Check if swap backing store is full
#   Decrease Java heap size (-Xmx/-Xms)
#   Decrease number of Java threads
#   Decrease Java thread stack sizes (-Xss)
#   Set larger code cache with -XX:ReservedCodeCacheSize=
# This output file may be truncated or incomplete.
#
#  Out of Memory Error (./open/src/hotspot/os/windows/os_windows.cpp:3298), pid=25040, tid=23632
#
# JRE version:  (11.0.21+9) (build )
# Java VM: Java HotSpot(TM) 64-Bit Server VM (11.0.21+9-LTS-193, mixed mode, sharing, tiered, compressed oops, g1 gc, windows-amd64)
# No core dump will be written. Minidumps are not enabled by default on client versions of Windows
#

---------------  S U M M A R Y ------------

Command Line: -Dfile.encoding=UTF-8 -Dstdout.encoding=UTF-8 -Dstderr.encoding=UTF-8 com.naver.ryuuzakiumi.marblesnap.Play

Host: Intel(R) Core(TM) i7-8700 CPU @ 3.20GHz, 12 cores, 15G,  Windows 10 , 64 bit Build 19041 (10.0.19041.3636)
Time: Thu Jan 11 20:56:52 2024  Windows 10 , 64 bit Build 19041 (10.0.19041.3636) elapsed time: 0.013568 seconds (0d 0h 0m 0s)

---------------  T H R E A D  ---------------

Current thread (0x0000020c52dd0000):  JavaThread "Unknown thread" [_thread_in_vm, id=23632, stack(0x000000e700500000,0x000000e700600000)]

Stack: [0x000000e700500000,0x000000e700600000]
Native frames: (J=compiled Java code, j=interpreted, Vv=VM code, C=native code)
V  [jvm.dll+0x66058a]
V  [jvm.dll+0x7a362f]
V  [jvm.dll+0x7a4cf9]
V  [jvm.dll+0x7a5393]
V  [jvm.dll+0x258f55]
V  [jvm.dll+0x65d8e9]
V  [jvm.dll+0x652495]
V  [jvm.dll+0x31367d]
V  [jvm.dll+0x3134e2]
V  [jvm.dll+0x318116]
V  [jvm.dll+0x360210]
V  [jvm.dll+0x35fc82]
V  [jvm.dll+0x2eed08]
V  [jvm.dll+0x2efe15]
V  [jvm.dll+0x77c687]
V  [jvm.dll+0x77df6f]
V  [jvm.dll+0x36d4b9]
V  [jvm.dll+0x76106f]
V  [jvm.dll+0x3df587]
V  [jvm.dll+0x3e1631]
C  [jli.dll+0x52e7]
C  [ucrtbase.dll+0x21bb2]
C  [KERNEL32.DLL+0x17344]
C  [ntdll.dll+0x526b1]


---------------  P R O C E S S  ---------------

Threads class SMR info:
_java_thread_list=0x0000020c50cb1b60, length=0, elements={
}

Java Threads: ( => current thread )

Other Threads:
  0x0000020c52de5800 GCTaskThread "GC Thread#0" [stack: 0x000000e700600000,0x000000e700700000] [id=25176]
  0x0000020c52e43000 ConcurrentGCThread "G1 Main Marker" [stack: 0x000000e700700000,0x000000e700800000] [id=24976]
  0x0000020c52e45800 ConcurrentGCThread "G1 Conc#0" [stack: 0x000000e700800000,0x000000e700900000] [id=10368]

[error occurred during error reporting (printing all threads), id 0xc0000005, EXCEPTION_ACCESS_VIOLATION (0xc0000005) at pc=0x00007ffa2e92f7c7]

VM state:not at safepoint (not fully initialized)

VM Mutex/Monitor currently owned by a thread:  ([mutex/lock_event])
[0x0000020c52dcc000] Heap_lock - owner thread: 0x0000020c52dd0000

Heap address: 0x0000000701a00000, size: 4070 MB, Compressed Oops mode: Non-zero based: 0x0000000701a00000
Narrow klass base: 0x0000000000000000, Narrow klass shift: 0

GC Heap History (0 events):
No events

Deoptimization events (0 events):
No events

Classes redefined (0 events):
No events

Internal exceptions (0 events):
No events

Events (0 events):
No events


Dynamic libraries:
0x00007ff709d40000 - 0x00007ff709d50000 	C:\Program Files\Java\jdk-11\bin\javaw.exe
0x00007ffaabeb0000 - 0x00007ffaac0a8000 	C:\WINDOWS\SYSTEM32\ntdll.dll
0x00007ffaaa930000 - 0x00007ffaaa9ed000 	C:\WINDOWS\System32\KERNEL32.DLL
0x00007ffaa9580000 - 0x00007ffaa9876000 	C:\WINDOWS\System32\KERNELBASE.dll
0x00007ffaa9e00000 - 0x00007ffaa9f00000 	C:\WINDOWS\System32\ucrtbase.dll
0x00007ffa9e9b0000 - 0x00007ffa9e9c9000 	C:\Program Files\Java\jdk-11\bin\jli.dll
0x00007ffaab6f0000 - 0x00007ffaab7a3000 	C:\WINDOWS\System32\ADVAPI32.dll
0x00007ffaa9f00000 - 0x00007ffaa9f9e000 	C:\WINDOWS\System32\msvcrt.dll
0x00007ffaaacb0000 - 0x00007ffaaad4f000 	C:\WINDOWS\System32\sechost.dll
0x00007ffaaaa80000 - 0x00007ffaaaba6000 	C:\WINDOWS\System32\RPCRT4.dll
0x00007ffaa9a50000 - 0x00007ffaa9a77000 	C:\WINDOWS\System32\bcrypt.dll
0x00007ffaaae60000 - 0x00007ffaaaffe000 	C:\WINDOWS\System32\USER32.dll
0x00007ffaa9880000 - 0x00007ffaa98a2000 	C:\WINDOWS\System32\win32u.dll
0x00007ffaab1f0000 - 0x00007ffaab21c000 	C:\WINDOWS\System32\GDI32.dll
0x00007ffaa9a80000 - 0x00007ffaa9b9a000 	C:\WINDOWS\System32\gdi32full.dll
0x00007ffaa99b0000 - 0x00007ffaa9a4d000 	C:\WINDOWS\System32\msvcp_win.dll
0x00007ffaa2b30000 - 0x00007ffaa2b4b000 	C:\Program Files\Java\jdk-11\bin\VCRUNTIME140.dll
0x00007ffa9c540000 - 0x00007ffa9c7da000 	C:\WINDOWS\WinSxS\amd64_microsoft.windows.common-controls_6595b64144ccf1df_6.0.19041.3636_none_60b6a03d71f818d5\COMCTL32.dll
0x00007ffaa7cd0000 - 0x00007ffaa7cda000 	C:\WINDOWS\SYSTEM32\VERSION.dll
0x00007ffaabb10000 - 0x00007ffaabb40000 	C:\WINDOWS\System32\IMM32.DLL
0x00007ffaa32d0000 - 0x00007ffaa32dc000 	C:\Program Files\Java\jdk-11\bin\vcruntime140_1.dll
0x00007ffa8a0a0000 - 0x00007ffa8a12e000 	C:\Program Files\Java\jdk-11\bin\msvcp140.dll
0x00007ffa2e630000 - 0x00007ffa2f19d000 	C:\Program Files\Java\jdk-11\bin\server\jvm.dll
0x00007ffaaac30000 - 0x00007ffaaac38000 	C:\WINDOWS\System32\PSAPI.DLL
0x00007ffaa7d50000 - 0x00007ffaa7d59000 	C:\WINDOWS\SYSTEM32\WSOCK32.dll
0x00007ffaaa8c0000 - 0x00007ffaaa92b000 	C:\WINDOWS\System32\WS2_32.dll
0x00007ffa9c4d0000 - 0x00007ffa9c4f7000 	C:\WINDOWS\SYSTEM32\WINMM.dll
0x00007ffaa7de0000 - 0x00007ffaa7df2000 	C:\WINDOWS\SYSTEM32\kernel.appcore.dll
0x00007ffa9bf30000 - 0x00007ffa9bf40000 	C:\Program Files\Java\jdk-11\bin\verify.dll
0x00007ffaa3cf0000 - 0x00007ffaa3ed4000 	C:\WINDOWS\SYSTEM32\DBGHELP.DLL
0x00007ffaa3960000 - 0x00007ffaa3994000 	C:\WINDOWS\SYSTEM32\dbgcore.DLL
0x00007ffaa9920000 - 0x00007ffaa99a2000 	C:\WINDOWS\System32\bcryptPrimitives.dll
0x00007ffa8eb70000 - 0x00007ffa8eb98000 	C:\Program Files\Java\jdk-11\bin\java.dll
0x00007ffa9bf10000 - 0x00007ffa9bf1a000 	C:\Program Files\Java\jdk-11\bin\jimage.dll
0x00007ffa8eb50000 - 0x00007ffa8eb67000 	C:\Program Files\Java\jdk-11\bin\zip.dll

dbghelp: loaded successfully - version: 4.0.5 - missing functions: none
symbol engine: initialized successfully - sym options: 0x614 - pdb path: .;C:\Program Files\Java\jdk-11\bin;C:\WINDOWS\SYSTEM32;C:\WINDOWS\WinSxS\amd64_microsoft.windows.common-controls_6595b64144ccf1df_6.0.19041.3636_none_60b6a03d71f818d5;C:\Program Files\Java\jdk-11\bin\server

VM Arguments:
jvm_args: -Dfile.encoding=UTF-8 -Dstdout.encoding=UTF-8 -Dstderr.encoding=UTF-8 
java_command: com.naver.ryuuzakiumi.marblesnap.Play
java_class_path (initial): C:\Users\user\eclipse-workspace\marblesnap\bin
Launcher Type: SUN_STANDARD

[Global flags]
     intx CICompilerCount                          = 4                                         {product} {ergonomic}
     uint ConcGCThreads                            = 3                                         {product} {ergonomic}
     uint G1ConcRefinementThreads                  = 10                                        {product} {ergonomic}
   size_t G1HeapRegionSize                         = 1048576                                   {product} {ergonomic}
    uintx GCDrainStackTargetSize                   = 64                                        {product} {ergonomic}
   size_t InitialHeapSize                          = 268435456                                 {product} {ergonomic}
   size_t MarkStackSize                            = 4194304                                   {product} {ergonomic}
   size_t MaxHeapSize                              = 4267704320                                {product} {ergonomic}
   size_t MinHeapDeltaBytes                        = 1048576                                   {product} {ergonomic}
    uintx NonNMethodCodeHeapSize                   = 5836300                                {pd product} {ergonomic}
    uintx NonProfiledCodeHeapSize                  = 122910970                              {pd product} {ergonomic}
    uintx ProfiledCodeHeapSize                     = 122910970                              {pd product} {ergonomic}
    uintx ReservedCodeCacheSize                    = 251658240                              {pd product} {ergonomic}
     bool SegmentedCodeCache                       = true                                      {product} {ergonomic}
     bool UseCompressedClassPointers               = true                                 {lp64_product} {ergonomic}
     bool UseCompressedOops                        = true                                 {lp64_product} {ergonomic}
     bool UseG1GC                                  = true                                      {product} {ergonomic}
     bool UseLargePagesIndividualAllocation        = false                                  {pd product} {ergonomic}

Logging:
Log output configuration:
 #0: stdout all=warning uptime,level,tags
 #1: stderr all=off uptime,level,tags

Environment Variables:
JAVA_HOME=C:\Program Files\Java\jdk-11
CLASSPATH=C:\Program Files\Java\jdk-11\lib
PATH=C:/Users/user/.p2/pool/plugins/org.eclipse.justj.openjdk.hotspot.jre.full.win32.x86_64_17.0.9.v20231028-0858/jre/bin/server;C:/Users/user/.p2/pool/plugins/org.eclipse.justj.openjdk.hotspot.jre.full.win32.x86_64_17.0.9.v20231028-0858/jre/bin;C:\Program Files\Java\jdk-11bin;C:\Program Files\Common Files\Oracle\Java\javapath;C:\WINDOWS\system32;C:\WINDOWS;C:\WINDOWS\System32\Wbem;C:\WINDOWS\System32\WindowsPowerShell\v1.0\;C:\WINDOWS\System32\OpenSSH\;C:\Program Files (x86)\Windows Kits\10\Windows Performance Toolkit\;C:\Users\user\AppData\Local\Microsoft\WindowsApps;;C:\Users\user\AppData\Local\Programs\Microsoft VS Code\bin;C:\WINDOWS\system32;
USERNAME=user
OS=Windows_NT
PROCESSOR_IDENTIFIER=Intel64 Family 6 Model 158 Stepping 10, GenuineIntel



---------------  S Y S T E M  ---------------

OS: Windows 10 , 64 bit Build 19041 (10.0.19041.3636)

CPU:total 12 (initial active 12) (6 cores per cpu, 2 threads per core) family 6 model 158 stepping 10 microcode 0xb4, cmov, cx8, fxsr, mmx, sse, sse2, sse3, ssse3, sse4.1, sse4.2, popcnt, avx, avx2, aes, clmul, erms, rtm, 3dnowpref, lzcnt, ht, tsc, tscinvbit, bmi1, bmi2, adx, fma

Memory: 4k page, system-wide physical 16278M (7018M free)
TotalPageFile size 44989M (AvailPageFile size 23M)
current process WorkingSet (physical memory assigned to process): 10M, peak: 10M
current process commit charge ("private bytes"): 64M, peak: 320M

vm_info: Java HotSpot(TM) 64-Bit Server VM (11.0.21+9-LTS-193) for windows-amd64 JRE (11.0.21+9-LTS-193), built on Sep 13 2023 11:04:38 by "mach5one" with MS VC++ 17.1 (VS2022)

END.
