#
# There is insufficient memory for the Java Runtime Environment to continue.
# Native memory allocation (malloc) failed to allocate 1048576 bytes for AllocateHeap
# Possible reasons:
#   The system is out of physical RAM or swap space
#   The process is running with CompressedOops enabled, and the Java Heap may be blocking the growth of the native heap
# Possible solutions:
#   Reduce memory load on the system
#   Increase physical memory or swap space
#   Check if swap backing store is full
#   Decrease Java heap size (-Xmx/-Xms)
#   Decrease number of Java threads
#   Decrease Java thread stack sizes (-Xss)
#   Set larger code cache with -XX:ReservedCodeCacheSize=
#   JVM is running with Unscaled Compressed Oops mode in which the Java heap is
#     placed in the first 4GB address space. The Java Heap base address is the
#     maximum limit for the native heap growth. Please use -XX:HeapBaseMinAddress
#     to set the Java Heap base and to place the Java Heap above 4GB virtual address.
# This output file may be truncated or incomplete.
#
#  Out of Memory Error (./open/src/hotspot/share/memory/allocation.cpp:46), pid=30608, tid=29708
#
# JRE version:  (11.0.21+9) (build )
# Java VM: Java HotSpot(TM) 64-Bit Server VM (11.0.21+9-LTS-193, mixed mode, sharing, tiered, compressed oops, g1 gc, windows-amd64)
# No core dump will be written. Minidumps are not enabled by default on client versions of Windows
#

---------------  S U M M A R Y ------------

Command Line: -Dfile.encoding=UTF-8 -Dstdout.encoding=UTF-8 -Dstderr.encoding=UTF-8 com.naver.ryuuzakiumi.marblesnap.Play

Host: Intel(R) Core(TM) i7-8700 CPU @ 3.20GHz, 12 cores, 15G,  Windows 11 , 64 bit Build 22621 (10.0.22621.2506)
Time: Wed Jan 17 18:21:51 2024  Windows 11 , 64 bit Build 22621 (10.0.22621.2506) elapsed time: 0.010441 seconds (0d 0h 0m 0s)

---------------  T H R E A D  ---------------

Current thread (0x000002b7b711e000):  JavaThread "Unknown thread" [_thread_in_vm, id=29708, stack(0x000000f791a00000,0x000000f791b00000)]

Stack: [0x000000f791a00000,0x000000f791b00000]
Native frames: (J=compiled Java code, j=interpreted, Vv=VM code, C=native code)
V  [jvm.dll+0x66058a]
V  [jvm.dll+0x7a362f]
V  [jvm.dll+0x7a4cf9]
V  [jvm.dll+0x7a5393]
V  [jvm.dll+0x258f55]
V  [jvm.dll+0xb1324]
V  [jvm.dll+0x2ea7b8]
V  [jvm.dll+0x77c677]
V  [jvm.dll+0x77df6f]
V  [jvm.dll+0x36d4b9]
V  [jvm.dll+0x76106f]
V  [jvm.dll+0x3df587]
V  [jvm.dll+0x3e1631]
C  [jli.dll+0x52e7]
C  [ucrtbase.dll+0x29363]
C  [KERNEL32.DLL+0x1257d]
C  [ntdll.dll+0x5aa58]


---------------  P R O C E S S  ---------------

Threads class SMR info:
_java_thread_list=0x000002b7b4e5b380, length=0, elements={
}

Java Threads: ( => current thread )

Other Threads:

=>0x000002b7b711e000 (exited) JavaThread "Unknown thread" [_thread_in_vm, id=29708, stack(0x000000f791a00000,0x000000f791b00000)]

Threads with active compile tasks:

VM state:not at safepoint (not fully initialized)

VM Mutex/Monitor currently owned by a thread: None


[error occurred during error reporting (printing compressed oops mode), id 0xc0000005, EXCEPTION_ACCESS_VIOLATION (0xc0000005) at pc=0x00007ff9e8f1d587]

GC Heap History (0 events):
No events

Deoptimization events (0 events):
No events

Classes redefined (0 events):
No events

Internal exceptions (0 events):
No events

Events (0 events):
No events


Dynamic libraries:
0x00007ff7d6410000 - 0x00007ff7d6420000 	C:\Program Files\Java\jdk-11\bin\javaw.exe
0x00007ffa3a7f0000 - 0x00007ffa3aa07000 	C:\WINDOWS\SYSTEM32\ntdll.dll
0x00007ffa39090000 - 0x00007ffa39154000 	C:\WINDOWS\System32\KERNEL32.DLL
0x00007ffa38120000 - 0x00007ffa384c6000 	C:\WINDOWS\System32\KERNELBASE.dll
0x00007ffa37c80000 - 0x00007ffa37d91000 	C:\WINDOWS\System32\ucrtbase.dll
0x00007ffa2c850000 - 0x00007ffa2c869000 	C:\Program Files\Java\jdk-11\bin\jli.dll
0x00007ffa392a0000 - 0x00007ffa39353000 	C:\WINDOWS\System32\ADVAPI32.dll
0x00007ffa2dde0000 - 0x00007ffa2ddfb000 	C:\Program Files\Java\jdk-11\bin\VCRUNTIME140.dll
0x00007ffa38700000 - 0x00007ffa387a7000 	C:\WINDOWS\System32\msvcrt.dll
0x00007ffa399b0000 - 0x00007ffa39a58000 	C:\WINDOWS\System32\sechost.dll
0x00007ffa37c50000 - 0x00007ffa37c78000 	C:\WINDOWS\System32\bcrypt.dll
0x00007ffa387c0000 - 0x00007ffa388d7000 	C:\WINDOWS\System32\RPCRT4.dll
0x00007ffa395d0000 - 0x00007ffa3977e000 	C:\WINDOWS\System32\USER32.dll
0x00007ffa37fb0000 - 0x00007ffa37fd6000 	C:\WINDOWS\System32\win32u.dll
0x00007ffa22290000 - 0x00007ffa22523000 	C:\WINDOWS\WinSxS\amd64_microsoft.windows.common-controls_6595b64144ccf1df_6.0.22621.2506_none_270c5ae97388e100\COMCTL32.dll
0x00007ffa38ea0000 - 0x00007ffa38ec9000 	C:\WINDOWS\System32\GDI32.dll
0x00007ffa37b30000 - 0x00007ffa37c48000 	C:\WINDOWS\System32\gdi32full.dll
0x00007ffa37da0000 - 0x00007ffa37e3a000 	C:\WINDOWS\System32\msvcp_win.dll
0x00007ffa2a690000 - 0x00007ffa2a69a000 	C:\WINDOWS\SYSTEM32\VERSION.dll
0x00007ffa38e60000 - 0x00007ffa38e91000 	C:\WINDOWS\System32\IMM32.DLL
0x00007ffa35410000 - 0x00007ffa3541c000 	C:\Program Files\Java\jdk-11\bin\vcruntime140_1.dll
0x00007ffa1d240000 - 0x00007ffa1d2ce000 	C:\Program Files\Java\jdk-11\bin\msvcp140.dll
0x00007ff9e87a0000 - 0x00007ff9e930d000 	C:\Program Files\Java\jdk-11\bin\server\jvm.dll
0x00007ffa39530000 - 0x00007ffa39538000 	C:\WINDOWS\System32\PSAPI.DLL
0x00007ffa229f0000 - 0x00007ffa22a24000 	C:\WINDOWS\SYSTEM32\WINMM.dll
0x00007ffa2bb50000 - 0x00007ffa2bb59000 	C:\WINDOWS\SYSTEM32\WSOCK32.dll
0x00007ffa39360000 - 0x00007ffa393d1000 	C:\WINDOWS\System32\WS2_32.dll
0x00007ffa36b60000 - 0x00007ffa36b78000 	C:\WINDOWS\SYSTEM32\kernel.appcore.dll
0x00007ffa2ddd0000 - 0x00007ffa2dde0000 	C:\Program Files\Java\jdk-11\bin\verify.dll
0x00007ffa2d900000 - 0x00007ffa2db33000 	C:\WINDOWS\SYSTEM32\DBGHELP.DLL
0x00007ffa38ab0000 - 0x00007ffa38e39000 	C:\WINDOWS\System32\combase.dll
0x00007ffa39160000 - 0x00007ffa39237000 	C:\WINDOWS\System32\OLEAUT32.dll
0x00007ffa2d8c0000 - 0x00007ffa2d8f2000 	C:\WINDOWS\SYSTEM32\dbgcore.DLL
0x00007ffa37fe0000 - 0x00007ffa3805a000 	C:\WINDOWS\System32\bcryptPrimitives.dll
0x00007ffa2c820000 - 0x00007ffa2c848000 	C:\Program Files\Java\jdk-11\bin\java.dll
0x00007ffa2c810000 - 0x00007ffa2c81a000 	C:\Program Files\Java\jdk-11\bin\jimage.dll
0x00007ffa2c7f0000 - 0x00007ffa2c807000 	C:\Program Files\Java\jdk-11\bin\zip.dll

dbghelp: loaded successfully - version: 4.0.5 - missing functions: none
symbol engine: initialized successfully - sym options: 0x614 - pdb path: .;C:\Program Files\Java\jdk-11\bin;C:\WINDOWS\SYSTEM32;C:\WINDOWS\WinSxS\amd64_microsoft.windows.common-controls_6595b64144ccf1df_6.0.22621.2506_none_270c5ae97388e100;C:\Program Files\Java\jdk-11\bin\server

VM Arguments:
jvm_args: -Dfile.encoding=UTF-8 -Dstdout.encoding=UTF-8 -Dstderr.encoding=UTF-8 
java_command: com.naver.ryuuzakiumi.marblesnap.Play
java_class_path (initial): C:\Users\user\eclipse-workspace\marblesnap\bin
Launcher Type: SUN_STANDARD

[Global flags]
     intx CICompilerCount                          = 4                                         {product} {ergonomic}
     uint G1ConcRefinementThreads                  = 10                                        {product} {ergonomic}
   size_t G1HeapRegionSize                         = 1048576                                   {product} {ergonomic}
    uintx GCDrainStackTargetSize                   = 64                                        {product} {ergonomic}
   size_t InitialHeapSize                          = 268435456                                 {product} {ergonomic}
   size_t MaxHeapSize                              = 4267704320                                {product} {ergonomic}
   size_t MinHeapDeltaBytes                        = 1048576                                   {product} {ergonomic}
    uintx NonNMethodCodeHeapSize                   = 5836300                                {pd product} {ergonomic}
    uintx NonProfiledCodeHeapSize                  = 122910970                              {pd product} {ergonomic}
    uintx ProfiledCodeHeapSize                     = 122910970                              {pd product} {ergonomic}
    uintx ReservedCodeCacheSize                    = 251658240                              {pd product} {ergonomic}
     bool SegmentedCodeCache                       = true                                      {product} {ergonomic}
     bool UseCompressedClassPointers               = true                                 {lp64_product} {ergonomic}
     bool UseCompressedOops                        = true                                 {lp64_product} {ergonomic}
     bool UseG1GC                                  = true                                      {product} {ergonomic}
     bool UseLargePagesIndividualAllocation        = false                                  {pd product} {ergonomic}

Logging:
Log output configuration:
 #0: stdout all=warning uptime,level,tags
 #1: stderr all=off uptime,level,tags

Environment Variables:
JAVA_HOME=C:\Program Files\Java\jdk-11
CLASSPATH=C:\Program Files\Java\jdk-11\lib
PATH=C:/Users/user/.p2/pool/plugins/org.eclipse.justj.openjdk.hotspot.jre.full.win32.x86_64_17.0.9.v20231028-0858/jre/bin/server;C:/Users/user/.p2/pool/plugins/org.eclipse.justj.openjdk.hotspot.jre.full.win32.x86_64_17.0.9.v20231028-0858/jre/bin;C:\Program Files\Java\jdk-11bin;C:\Program Files\Common Files\Oracle\Java\javapath;C:\WINDOWS\system32;C:\WINDOWS;C:\WINDOWS\System32\Wbem;C:\WINDOWS\System32\WindowsPowerShell\v1.0\;C:\WINDOWS\System32\OpenSSH\;C:\Program Files (x86)\Windows Kits\10\Windows Performance Toolkit\;C:\Users\user\AppData\Local\Microsoft\WindowsApps;;C:\Users\user\AppData\Local\Programs\Microsoft VS Code\bin;C:\WINDOWS\System32;
USERNAME=user
OS=Windows_NT
PROCESSOR_IDENTIFIER=Intel64 Family 6 Model 158 Stepping 10, GenuineIntel



---------------  S Y S T E M  ---------------

OS: Windows 11 , 64 bit Build 22621 (10.0.22621.2506)

CPU:total 12 (initial active 12) (6 cores per cpu, 2 threads per core) family 6 model 158 stepping 10 microcode 0xde, cmov, cx8, fxsr, mmx, sse, sse2, sse3, ssse3, sse4.1, sse4.2, popcnt, avx, avx2, aes, clmul, erms, rtm, 3dnowpref, lzcnt, ht, tsc, tscinvbit, bmi1, bmi2, adx, fma

Memory: 4k page, system-wide physical 16278M (4032M free)
TotalPageFile size 44989M (AvailPageFile size 5M)
current process WorkingSet (physical memory assigned to process): 10M, peak: 10M
current process commit charge ("private bytes"): 15M, peak: 16M

vm_info: Java HotSpot(TM) 64-Bit Server VM (11.0.21+9-LTS-193) for windows-amd64 JRE (11.0.21+9-LTS-193), built on Sep 13 2023 11:04:38 by "mach5one" with MS VC++ 17.1 (VS2022)

END.
